<?xml version="1.0" encoding="UTF-8"?>
<coverage generated="1785602531">
  <project timestamp="1785602531" name="Clover Coverage">
    <file name="/home/omgaalfa/php-projetos/applications/Utils/helpers/functions.php">
      <line num="11" type="stmt" count="0"/>
      <line num="13" type="stmt" count="0"/>
      <line num="14" type="stmt" count="0"/>
      <line num="17" type="stmt" count="0"/>
      <line num="18" type="stmt" count="0"/>
      <line num="21" type="stmt" count="0"/>
      <line num="22" type="stmt" count="0"/>
      <line num="25" type="stmt" count="0"/>
      <line num="35" type="stmt" count="1"/>
      <line num="36" type="stmt" count="1"/>
      <line num="38" type="stmt" count="1"/>
      <line num="48" type="stmt" count="5"/>
      <line num="49" type="stmt" count="5"/>
      <line num="51" type="stmt" count="5"/>
      <line num="61" type="stmt" count="4"/>
      <line num="63" type="stmt" count="4"/>
      <line num="73" type="stmt" count="1"/>
      <line num="75" type="stmt" count="1"/>
      <line num="85" type="stmt" count="1"/>
      <line num="87" type="stmt" count="1"/>
      <line num="97" type="stmt" count="1"/>
      <line num="98" type="stmt" count="1"/>
      <line num="100" type="stmt" count="1"/>
      <line num="113" type="stmt" count="1"/>
      <line num="114" type="stmt" count="1"/>
      <line num="115" type="stmt" count="1"/>
      <line num="125" type="stmt" count="1"/>
      <line num="126" type="stmt" count="1"/>
      <line num="138" type="stmt" count="3"/>
      <line num="139" type="stmt" count="2"/>
      <line num="140" type="stmt" count="2"/>
      <line num="141" type="stmt" count="1"/>
      <line num="144" type="stmt" count="1"/>
      <line num="160" type="stmt" count="5"/>
      <line num="161" type="stmt" count="2"/>
      <line num="163" type="stmt" count="3"/>
      <line num="164" type="stmt" count="3"/>
      <line num="165" type="stmt" count="1"/>
      <line num="169" type="stmt" count="3"/>
      <line num="170" type="stmt" count="2"/>
      <line num="171" type="stmt" count="1"/>
      <line num="172" type="stmt" count="1"/>
      <line num="173" type="stmt" count="1"/>
      <line num="176" type="stmt" count="1"/>
      <line num="179" type="stmt" count="1"/>
      <metrics loc="182" ncloc="140" classes="0" methods="0" coveredmethods="0" conditionals="0" coveredconditionals="0" statements="45" coveredstatements="37" elements="45" coveredelements="37"/>
    </file>
    <package name="Omegaalfa\Utils\Cli">
      <file name="/home/omgaalfa/php-projetos/applications/Utils/src/Cli/Application.php">
        <class name="Omegaalfa\Utils\Cli\Application" namespace="Omegaalfa\Utils\Cli">
          <metrics complexity="20" methods="4" coveredmethods="2" conditionals="0" coveredconditionals="0" statements="42" coveredstatements="33" elements="46" coveredelements="35"/>
        </class>
        <line num="20" type="method" name="__construct" visibility="public" complexity="1" crap="1" count="5"/>
        <line num="24" type="stmt" count="5"/>
        <line num="27" type="method" name="command" visibility="public" complexity="3" crap="3.01" count="4"/>
        <line num="29" type="stmt" count="4"/>
        <line num="30" type="stmt" count="1"/>
        <line num="32" type="stmt" count="3"/>
        <line num="33" type="stmt" count="0"/>
        <line num="36" type="stmt" count="3"/>
        <line num="37" type="stmt" count="3"/>
        <line num="38" type="stmt" count="3"/>
        <line num="39" type="stmt" count="3"/>
        <line num="41" type="stmt" count="3"/>
        <line num="45" type="method" name="run" visibility="public" complexity="13" crap="19.26" count="4"/>
        <line num="47" type="stmt" count="4"/>
        <line num="48" type="stmt" count="4"/>
        <line num="49" type="stmt" count="0"/>
        <line num="50" type="stmt" count="0"/>
        <line num="51" type="stmt" count="0"/>
        <line num="52" type="stmt" count="0"/>
        <line num="53" type="stmt" count="0"/>
        <line num="54" type="stmt" count="0"/>
        <line num="59" type="stmt" count="4"/>
        <line num="60" type="stmt" count="4"/>
        <line num="62" type="stmt" count="4"/>
        <line num="63" type="stmt" count="1"/>
        <line num="64" type="stmt" count="1"/>
        <line num="67" type="stmt" count="3"/>
        <line num="68" type="stmt" count="1"/>
        <line num="69" type="stmt" count="1"/>
        <line num="70" type="stmt" count="1"/>
        <line num="73" type="stmt" count="2"/>
        <line num="74" type="stmt" count="0"/>
        <line num="75" type="stmt" count="0"/>
        <line num="79" type="stmt" count="2"/>
        <line num="80" type="stmt" count="1"/>
        <line num="81" type="stmt" count="1"/>
        <line num="82" type="stmt" count="1"/>
        <line num="86" type="method" name="renderHelp" visibility="private" complexity="3" crap="3" count="2"/>
        <line num="88" type="stmt" count="2"/>
        <line num="89" type="stmt" count="2"/>
        <line num="90" type="stmt" count="2"/>
        <line num="92" type="stmt" count="2"/>
        <line num="93" type="stmt" count="2"/>
        <line num="94" type="stmt" count="1"/>
        <line num="97" type="stmt" count="2"/>
        <line num="98" type="stmt" count="1"/>
        <metrics loc="102" ncloc="94" classes="1" methods="4" coveredmethods="2" conditionals="0" coveredconditionals="0" statements="42" coveredstatements="33" elements="46" coveredelements="35"/>
      </file>
      <file name="/home/omgaalfa/php-projetos/applications/Utils/src/Cli/Input.php">
        <class name="Omegaalfa\Utils\Cli\Input" namespace="Omegaalfa\Utils\Cli">
          <metrics complexity="20" methods="8" coveredmethods="5" conditionals="0" coveredconditionals="0" statements="31" coveredstatements="28" elements="39" coveredelements="33"/>
        </class>
        <line num="16" type="method" name="__construct" visibility="public" complexity="9" crap="9" count="3"/>
        <line num="18" type="stmt" count="3"/>
        <line num="20" type="stmt" count="3"/>
        <line num="21" type="stmt" count="2"/>
        <line num="22" type="stmt" count="1"/>
        <line num="23" type="stmt" count="1"/>
        <line num="25" type="stmt" count="2"/>
        <line num="26" type="stmt" count="1"/>
        <line num="27" type="stmt" count="1"/>
        <line num="29" type="stmt" count="2"/>
        <line num="30" type="stmt" count="1"/>
        <line num="31" type="stmt" count="1"/>
        <line num="34" type="stmt" count="2"/>
        <line num="38" type="method" name="argument" visibility="public" complexity="1" crap="1" count="2"/>
        <line num="40" type="stmt" count="2"/>
        <line num="44" type="method" name="arguments" visibility="public" complexity="1" crap="1" count="1"/>
        <line num="46" type="stmt" count="1"/>
        <line num="49" type="method" name="option" visibility="public" complexity="1" crap="1" count="1"/>
        <line num="51" type="stmt" count="1"/>
        <line num="54" type="method" name="hasOption" visibility="public" complexity="1" crap="1" count="1"/>
        <line num="56" type="stmt" count="1"/>
        <line num="60" type="method" name="options" visibility="public" complexity="1" crap="2" count="0"/>
        <line num="62" type="stmt" count="0"/>
        <line num="65" type="method" name="parseLongOption" visibility="private" complexity="2" crap="2.03" count="1"/>
        <line num="67" type="stmt" count="1"/>
        <line num="68" type="stmt" count="0"/>
        <line num="71" type="stmt" count="1"/>
        <line num="72" type="stmt" count="1"/>
        <line num="73" type="stmt" count="1"/>
        <line num="76" type="method" name="parseShortOption" visibility="private" complexity="4" crap="4.02" count="1"/>
        <line num="78" type="stmt" count="1"/>
        <line num="79" type="stmt" count="0"/>
        <line num="81" type="stmt" count="1"/>
        <line num="82" type="stmt" count="1"/>
        <line num="83" type="stmt" count="1"/>
        <line num="84" type="stmt" count="1"/>
        <line num="87" type="stmt" count="1"/>
        <line num="88" type="stmt" count="1"/>
        <line num="89" type="stmt" count="1"/>
        <metrics loc="93" ncloc="88" classes="1" methods="8" coveredmethods="5" conditionals="0" coveredconditionals="0" statements="31" coveredstatements="28" elements="39" coveredelements="33"/>
      </file>
      <file name="/home/omgaalfa/php-projetos/applications/Utils/src/Cli/Output.php">
        <class name="Omegaalfa\Utils\Cli\Output" namespace="Omegaalfa\Utils\Cli">
          <metrics complexity="34" methods="14" coveredmethods="9" conditionals="0" coveredconditionals="0" statements="56" coveredstatements="51" elements="70" coveredelements="60"/>
        </class>
        <line num="32" type="method" name="__construct" visibility="public" complexity="1" crap="1" count="6"/>
        <line num="38" type="stmt" count="6"/>
        <line num="39" type="stmt" count="6"/>
        <line num="40" type="stmt" count="6"/>
        <line num="43" type="method" name="write" visibility="public" complexity="1" crap="1" count="4"/>
        <line num="45" type="stmt" count="4"/>
        <line num="48" type="method" name="writeln" visibility="public" complexity="1" crap="1" count="4"/>
        <line num="50" type="stmt" count="4"/>
        <line num="53" type="method" name="error" visibility="public" complexity="1" crap="1" count="2"/>
        <line num="55" type="stmt" count="2"/>
        <line num="58" type="method" name="success" visibility="public" complexity="1" crap="1" count="1"/>
        <line num="60" type="stmt" count="1"/>
        <line num="63" type="method" name="style" visibility="public" complexity="3" crap="3" count="5"/>
        <line num="65" type="stmt" count="5"/>
        <line num="66" type="stmt" count="1"/>
        <line num="68" type="stmt" count="4"/>
        <line num="69" type="stmt" count="3"/>
        <line num="72" type="stmt" count="1"/>
        <line num="75" type="method" name="ask" visibility="public" complexity="4" crap="4.05" count="1"/>
        <line num="77" type="stmt" count="1"/>
        <line num="78" type="stmt" count="1"/>
        <line num="80" type="stmt" count="1"/>
        <line num="81" type="stmt" count="1"/>
        <line num="82" type="stmt" count="0"/>
        <line num="85" type="stmt" count="1"/>
        <line num="86" type="stmt" count="1"/>
        <line num="93" type="method" name="table" visibility="public" complexity="6" crap="6" count="3"/>
        <line num="95" type="stmt" count="3"/>
        <line num="96" type="stmt" count="3"/>
        <line num="97" type="stmt" count="3"/>
        <line num="100" type="stmt" count="3"/>
        <line num="102" type="stmt" count="3"/>
        <line num="104" type="stmt" count="3"/>
        <line num="105" type="stmt" count="3"/>
        <line num="106" type="stmt" count="1"/>
        <line num="108" type="stmt" count="3"/>
        <line num="109" type="stmt" count="3"/>
        <line num="113" type="stmt" count="2"/>
        <line num="114" type="stmt" count="2"/>
        <line num="115" type="stmt" count="2"/>
        <line num="116" type="stmt" count="2"/>
        <line num="117" type="stmt" count="2"/>
        <line num="119" type="stmt" count="2"/>
        <line num="122" type="method" name="supportsColors" visibility="private" complexity="3" crap="3.33" count="4"/>
        <line num="124" type="stmt" count="4"/>
        <line num="125" type="stmt" count="4"/>
        <line num="128" type="stmt" count="0"/>
        <line num="132" type="method" name="send" visibility="private" complexity="2" crap="2.50" count="5"/>
        <line num="134" type="stmt" count="5"/>
        <line num="135" type="stmt" count="0"/>
        <line num="140" type="method" name="tableBorder" visibility="private" complexity="1" crap="1" count="2"/>
        <line num="142" type="stmt" count="2"/>
        <line num="143" type="stmt" count="2"/>
        <line num="150" type="method" name="tableRow" visibility="private" complexity="2" crap="2" count="2"/>
        <line num="152" type="stmt" count="2"/>
        <line num="153" type="stmt" count="2"/>
        <line num="154" type="stmt" count="2"/>
        <line num="155" type="stmt" count="2"/>
        <line num="157" type="stmt" count="2"/>
        <line num="160" type="method" name="stringify" visibility="private" complexity="5" crap="5.12" count="3"/>
        <line num="162" type="stmt" count="3"/>
        <line num="163" type="stmt" count="0"/>
        <line num="164" type="stmt" count="3"/>
        <line num="165" type="stmt" count="3"/>
        <line num="166" type="stmt" count="3"/>
        <line num="167" type="stmt" count="3"/>
        <line num="171" type="method" name="resource" visibility="private" complexity="3" crap="3.33" count="6"/>
        <line num="173" type="stmt" count="6"/>
        <line num="174" type="stmt" count="0"/>
        <line num="177" type="stmt" count="6"/>
        <metrics loc="180" ncloc="165" classes="1" methods="14" coveredmethods="9" conditionals="0" coveredconditionals="0" statements="56" coveredstatements="51" elements="70" coveredelements="60"/>
      </file>
    </package>
    <package name="Omegaalfa\Utils\Dto">
      <file name="/home/omgaalfa/php-projetos/applications/Utils/src/Dto/DataTransferObject.php">
        <class name="Omegaalfa\Utils\Dto\DataTransferObject" namespace="Omegaalfa\Utils\Dto">
          <metrics complexity="4" methods="4" coveredmethods="4" conditionals="0" coveredconditionals="0" statements="5" coveredstatements="5" elements="9" coveredelements="9"/>
        </class>
        <line num="15" type="method" name="fromArray" visibility="public" complexity="1" crap="1" count="3"/>
        <line num="18" type="stmt" count="3"/>
        <line num="22" type="method" name="toArray" visibility="public" complexity="1" crap="1" count="2"/>
        <line num="25" type="stmt" count="2"/>
        <line num="26" type="stmt" count="2"/>
        <line num="30" type="method" name="with" visibility="public" complexity="1" crap="1" count="1"/>
        <line num="33" type="stmt" count="1"/>
        <line num="37" type="method" name="jsonSerialize" visibility="public" complexity="1" crap="1" count="1"/>
        <line num="39" type="stmt" count="1"/>
        <metrics loc="42" ncloc="32" classes="1" methods="4" coveredmethods="4" conditionals="0" coveredconditionals="0" statements="5" coveredstatements="5" elements="9" coveredelements="9"/>
      </file>
    </package>
    <package name="Omegaalfa\Utils\EnvLoader">
      <file name="/home/omgaalfa/php-projetos/applications/Utils/src/EnvLoader/EnvLoader.php">
        <class name="Omegaalfa\Utils\EnvLoader\EnvLoader" namespace="Omegaalfa\Utils\EnvLoader">
          <metrics complexity="74" methods="13" coveredmethods="8" conditionals="0" coveredconditionals="0" statements="134" coveredstatements="124" elements="147" coveredelements="132"/>
        </class>
        <line num="32" type="method" name="load" visibility="public" complexity="11" crap="11.73" count="12"/>
        <line num="39" type="stmt" count="12"/>
        <line num="41" type="stmt" count="12"/>
        <line num="42" type="stmt" count="2"/>
        <line num="43" type="stmt" count="1"/>
        <line num="45" type="stmt" count="1"/>
        <line num="47" type="stmt" count="10"/>
        <line num="48" type="stmt" count="0"/>
        <line num="51" type="stmt" count="10"/>
        <line num="52" type="stmt" count="10"/>
        <line num="53" type="stmt" count="0"/>
        <line num="55" type="stmt" count="10"/>
        <line num="56" type="stmt" count="0"/>
        <line num="59" type="stmt" count="10"/>
        <line num="60" type="stmt" count="8"/>
        <line num="61" type="stmt" count="8"/>
        <line num="63" type="stmt" count="3"/>
        <line num="64" type="stmt" count="3"/>
        <line num="65" type="stmt" count="1"/>
        <line num="67" type="stmt" count="3"/>
        <line num="68" type="stmt" count="0"/>
        <line num="70" type="stmt" count="3"/>
        <line num="73" type="stmt" count="3"/>
        <line num="80" type="method" name="has" visibility="public" complexity="3" crap="3" count="4"/>
        <line num="82" type="stmt" count="4"/>
        <line num="83" type="stmt" count="4"/>
        <line num="84" type="stmt" count="4"/>
        <line num="85" type="stmt" count="4"/>
        <line num="93" type="method" name="get" visibility="public" complexity="4" crap="4.02" count="9"/>
        <line num="95" type="stmt" count="9"/>
        <line num="97" type="stmt" count="8"/>
        <line num="98" type="stmt" count="8"/>
        <line num="100" type="stmt" count="2"/>
        <line num="101" type="stmt" count="2"/>
        <line num="102" type="stmt" count="0"/>
        <line num="104" type="stmt" count="2"/>
        <line num="105" type="stmt" count="1"/>
        <line num="107" type="stmt" count="1"/>
        <line num="114" type="method" name="require" visibility="public" complexity="3" crap="3" count="1"/>
        <line num="116" type="stmt" count="1"/>
        <line num="117" type="stmt" count="1"/>
        <line num="118" type="stmt" count="1"/>
        <line num="120" type="stmt" count="1"/>
        <line num="128" type="method" name="getInt" visibility="public" complexity="3" crap="3" count="2"/>
        <line num="130" type="stmt" count="2"/>
        <line num="131" type="stmt" count="2"/>
        <line num="132" type="stmt" count="1"/>
        <line num="134" type="stmt" count="2"/>
        <line num="135" type="stmt" count="1"/>
        <line num="137" type="stmt" count="1"/>
        <line num="145" type="method" name="getBool" visibility="public" complexity="5" crap="5" count="2"/>
        <line num="147" type="stmt" count="2"/>
        <line num="148" type="stmt" count="2"/>
        <line num="149" type="stmt" count="1"/>
        <line num="151" type="stmt" count="2"/>
        <line num="152" type="stmt" count="1"/>
        <line num="153" type="stmt" count="1"/>
        <line num="154" type="stmt" count="2"/>
        <line num="155" type="stmt" count="2"/>
        <line num="156" type="stmt" count="2"/>
        <line num="157" type="stmt" count="2"/>
        <line num="164" type="method" name="resolvePath" visibility="private" complexity="3" crap="3" count="12"/>
        <line num="166" type="stmt" count="12"/>
        <line num="167" type="stmt" count="12"/>
        <line num="168" type="stmt" count="12"/>
        <line num="169" type="stmt" count="1"/>
        <line num="170" type="stmt" count="12"/>
        <line num="178" type="method" name="assertSafeFile" visibility="private" complexity="7" crap="7" count="10"/>
        <line num="180" type="stmt" count="10"/>
        <line num="181" type="stmt" count="10"/>
        <line num="182" type="stmt" count="1"/>
        <line num="184" type="stmt" count="9"/>
        <line num="185" type="stmt" count="8"/>
        <line num="187" type="stmt" count="1"/>
        <line num="188" type="stmt" count="1"/>
        <line num="189" type="stmt" count="1"/>
        <line num="190" type="stmt" count="1"/>
        <line num="191" type="stmt" count="1"/>
        <line num="199" type="method" name="readFile" visibility="private" complexity="5" crap="5.51" count="8"/>
        <line num="201" type="stmt" count="8"/>
        <line num="202" type="stmt" count="8"/>
        <line num="203" type="stmt" count="0"/>
        <line num="206" type="stmt" count="8"/>
        <line num="207" type="stmt" count="0"/>
        <line num="209" type="stmt" count="8"/>
        <line num="210" type="stmt" count="8"/>
        <line num="211" type="stmt" count="8"/>
        <line num="212" type="stmt" count="0"/>
        <line num="214" type="stmt" count="8"/>
        <line num="216" type="stmt" count="8"/>
        <line num="221" type="method" name="parse" visibility="private" complexity="8" crap="8" count="8"/>
        <line num="223" type="stmt" count="8"/>
        <line num="224" type="stmt" count="1"/>
        <line num="226" type="stmt" count="7"/>
        <line num="227" type="stmt" count="7"/>
        <line num="228" type="stmt" count="7"/>
        <line num="229" type="stmt" count="0"/>
        <line num="232" type="stmt" count="7"/>
        <line num="233" type="stmt" count="7"/>
        <line num="234" type="stmt" count="7"/>
        <line num="235" type="stmt" count="7"/>
        <line num="236" type="stmt" count="7"/>
        <line num="237" type="stmt" count="1"/>
        <line num="239" type="stmt" count="7"/>
        <line num="240" type="stmt" count="1"/>
        <line num="242" type="stmt" count="7"/>
        <line num="243" type="stmt" count="1"/>
        <line num="246" type="stmt" count="6"/>
        <line num="247" type="stmt" count="6"/>
        <line num="248" type="stmt" count="6"/>
        <line num="249" type="stmt" count="5"/>
        <line num="251" type="stmt" count="3"/>
        <line num="260" type="method" name="parseValue" visibility="private" complexity="13" crap="13" count="5"/>
        <line num="262" type="stmt" count="5"/>
        <line num="263" type="stmt" count="5"/>
        <line num="264" type="stmt" count="1"/>
        <line num="266" type="stmt" count="5"/>
        <line num="267" type="stmt" count="5"/>
        <line num="268" type="stmt" count="3"/>
        <line num="271" type="stmt" count="3"/>
        <line num="272" type="stmt" count="3"/>
        <line num="273" type="stmt" count="3"/>
        <line num="274" type="stmt" count="3"/>
        <line num="275" type="stmt" count="1"/>
        <line num="276" type="stmt" count="1"/>
        <line num="278" type="stmt" count="3"/>
        <line num="279" type="stmt" count="2"/>
        <line num="280" type="stmt" count="2"/>
        <line num="281" type="stmt" count="1"/>
        <line num="282" type="stmt" count="1"/>
        <line num="283" type="stmt" count="1"/>
        <line num="285" type="stmt" count="1"/>
        <line num="286" type="stmt" count="1"/>
        <line num="287" type="stmt" count="1"/>
        <line num="288" type="stmt" count="1"/>
        <line num="290" type="stmt" count="3"/>
        <line num="292" type="stmt" count="1"/>
        <line num="300" type="method" name="assertValidKey" visibility="private" complexity="3" crap="3" count="13"/>
        <line num="302" type="stmt" count="13"/>
        <line num="303" type="stmt" count="2"/>
        <line num="304" type="stmt" count="2"/>
        <line num="308" type="method" name="stringify" visibility="private" complexity="6" crap="6.29" count="8"/>
        <line num="310" type="stmt" count="8"/>
        <line num="311" type="stmt" count="8"/>
        <line num="313" type="stmt" count="1"/>
        <line num="314" type="stmt" count="0"/>
        <line num="316" type="stmt" count="1"/>
        <metrics loc="319" ncloc="257" classes="1" methods="13" coveredmethods="8" conditionals="0" coveredconditionals="0" statements="134" coveredstatements="124" elements="147" coveredelements="132"/>
      </file>
    </package>
    <package name="Omegaalfa\Utils\Fibers">
      <file name="/home/omgaalfa/php-projetos/applications/Utils/src/Fibers/FiberScheduler.php">
        <class name="Omegaalfa\Utils\Fibers\FiberScheduler" namespace="Omegaalfa\Utils\Fibers">
          <metrics complexity="14" methods="6" coveredmethods="6" conditionals="0" coveredconditionals="0" statements="36" coveredstatements="36" elements="42" coveredelements="42"/>
        </class>
        <line num="43" type="method" name="__construct" visibility="public" complexity="2" crap="2" count="8"/>
        <line num="45" type="stmt" count="8"/>
        <line num="46" type="stmt" count="1"/>
        <line num="49" type="stmt" count="7"/>
        <line num="56" type="method" name="schedule" visibility="public" complexity="2" crap="2" count="6"/>
        <line num="58" type="stmt" count="6"/>
        <line num="59" type="stmt" count="1"/>
        <line num="62" type="stmt" count="6"/>
        <line num="63" type="stmt" count="6"/>
        <line num="64" type="stmt" count="6"/>
        <line num="65" type="stmt" count="6"/>
        <line num="66" type="stmt" count="6"/>
        <line num="67" type="stmt" count="6"/>
        <line num="69" type="stmt" count="6"/>
        <line num="82" type="method" name="run" visibility="public" complexity="7" crap="7" count="6"/>
        <line num="84" type="stmt" count="6"/>
        <line num="85" type="stmt" count="1"/>
        <line num="88" type="stmt" count="6"/>
        <line num="89" type="stmt" count="6"/>
        <line num="92" type="stmt" count="6"/>
        <line num="93" type="stmt" count="5"/>
        <line num="94" type="stmt" count="5"/>
        <line num="96" type="stmt" count="5"/>
        <line num="97" type="stmt" count="5"/>
        <line num="98" type="stmt" count="1"/>
        <line num="99" type="stmt" count="1"/>
        <line num="102" type="stmt" count="4"/>
        <line num="103" type="stmt" count="4"/>
        <line num="104" type="stmt" count="4"/>
        <line num="106" type="stmt" count="1"/>
        <line num="109" type="stmt" count="2"/>
        <line num="110" type="stmt" count="2"/>
        <line num="111" type="stmt" count="2"/>
        <line num="113" type="stmt" count="6"/>
        <line num="116" type="stmt" count="5"/>
        <line num="122" type="method" name="pendingCount" visibility="public" complexity="1" crap="1" count="2"/>
        <line num="124" type="stmt" count="2"/>
        <line num="130" type="method" name="isEmpty" visibility="public" complexity="1" crap="1" count="3"/>
        <line num="132" type="stmt" count="3"/>
        <line num="138" type="method" name="reset" visibility="private" complexity="1" crap="1" count="2"/>
        <line num="140" type="stmt" count="2"/>
        <line num="141" type="stmt" count="2"/>
        <metrics loc="144" ncloc="102" classes="1" methods="6" coveredmethods="6" conditionals="0" coveredconditionals="0" statements="36" coveredstatements="36" elements="42" coveredelements="42"/>
      </file>
    </package>
    <package name="Omegaalfa\Utils\Filesystem">
      <file name="/home/omgaalfa/php-projetos/applications/Utils/src/Filesystem/Filesystem.php">
        <class name="Omegaalfa\Utils\Filesystem\Filesystem" namespace="Omegaalfa\Utils\Filesystem">
          <metrics complexity="85" methods="20" coveredmethods="7" conditionals="0" coveredconditionals="0" statements="133" coveredstatements="113" elements="153" coveredelements="120"/>
        </class>
        <line num="18" type="method" name="__construct" visibility="public" complexity="7" crap="7" count="10"/>
        <line num="20" type="stmt" count="10"/>
        <line num="22" type="stmt" count="10"/>
        <line num="26" type="stmt" count="10"/>
        <line num="27" type="stmt" count="10"/>
        <line num="31" type="stmt" count="10"/>
        <line num="34" type="method" name="getRoot" visibility="public" complexity="1" crap="1" count="1"/>
        <line num="36" type="stmt" count="1"/>
        <line num="39" type="method" name="exists" visibility="public" complexity="2" crap="2" count="2"/>
        <line num="41" type="stmt" count="2"/>
        <line num="44" type="method" name="read" visibility="public" complexity="4" crap="4.37" count="6"/>
        <line num="46" type="stmt" count="6"/>
        <line num="47" type="stmt" count="4"/>
        <line num="48" type="stmt" count="0"/>
        <line num="51" type="stmt" count="4"/>
        <line num="52" type="stmt" count="4"/>
        <line num="53" type="stmt" count="0"/>
        <line num="56" type="stmt" count="4"/>
        <line num="59" type="method" name="write" visibility="public" complexity="7" crap="7.77" count="6"/>
        <line num="65" type="stmt" count="6"/>
        <line num="67" type="stmt" count="6"/>
        <line num="68" type="stmt" count="1"/>
        <line num="69" type="stmt" count="0"/>
        <line num="71" type="stmt" count="1"/>
        <line num="72" type="stmt" count="1"/>
        <line num="75" type="stmt" count="5"/>
        <line num="76" type="stmt" count="5"/>
        <line num="77" type="stmt" count="0"/>
        <line num="81" type="stmt" count="5"/>
        <line num="82" type="stmt" count="0"/>
        <line num="84" type="stmt" count="5"/>
        <line num="86" type="stmt" count="5"/>
        <line num="87" type="stmt" count="0"/>
        <line num="90" type="stmt" count="5"/>
        <line num="91" type="stmt" count="5"/>
        <line num="96" type="method" name="createDirectory" visibility="public" complexity="4" crap="4.13" count="8"/>
        <line num="101" type="stmt" count="8"/>
        <line num="103" type="stmt" count="8"/>
        <line num="104" type="stmt" count="6"/>
        <line num="106" type="stmt" count="5"/>
        <line num="107" type="stmt" count="0"/>
        <line num="111" type="method" name="copy" visibility="public" complexity="6" crap="6.56" count="2"/>
        <line num="113" type="stmt" count="2"/>
        <line num="114" type="stmt" count="2"/>
        <line num="115" type="stmt" count="0"/>
        <line num="118" type="stmt" count="2"/>
        <line num="119" type="stmt" count="2"/>
        <line num="120" type="stmt" count="1"/>
        <line num="122" type="stmt" count="2"/>
        <line num="123" type="stmt" count="0"/>
        <line num="127" type="method" name="move" visibility="public" complexity="7" crap="8.81" count="2"/>
        <line num="129" type="stmt" count="2"/>
        <line num="130" type="stmt" count="2"/>
        <line num="132" type="stmt" count="2"/>
        <line num="133" type="stmt" count="1"/>
        <line num="134" type="stmt" count="0"/>
        <line num="136" type="stmt" count="1"/>
        <line num="137" type="stmt" count="0"/>
        <line num="141" type="stmt" count="2"/>
        <line num="142" type="stmt" count="0"/>
        <line num="146" type="method" name="delete" visibility="public" complexity="6" crap="6.10" count="2"/>
        <line num="148" type="stmt" count="2"/>
        <line num="149" type="stmt" count="2"/>
        <line num="150" type="stmt" count="1"/>
        <line num="152" type="stmt" count="2"/>
        <line num="153" type="stmt" count="1"/>
        <line num="155" type="stmt" count="1"/>
        <line num="156" type="stmt" count="0"/>
        <line num="161" type="method" name="files" visibility="public" complexity="5" crap="5.00" count="1"/>
        <line num="163" type="stmt" count="1"/>
        <line num="164" type="stmt" count="1"/>
        <line num="165" type="stmt" count="0"/>
        <line num="168" type="stmt" count="1"/>
        <line num="169" type="stmt" count="1"/>
        <line num="170" type="stmt" count="1"/>
        <line num="171" type="stmt" count="1"/>
        <line num="172" type="stmt" count="1"/>
        <line num="174" type="stmt" count="1"/>
        <line num="175" type="stmt" count="1"/>
        <line num="177" type="stmt" count="1"/>
        <line num="178" type="stmt" count="1"/>
        <line num="179" type="stmt" count="1"/>
        <line num="180" type="stmt" count="1"/>
        <line num="181" type="stmt" count="1"/>
        <line num="182" type="stmt" count="1"/>
        <line num="186" type="stmt" count="1"/>
        <line num="187" type="stmt" count="1"/>
        <line num="190" type="method" name="size" visibility="public" complexity="2" crap="2.06" count="1"/>
        <line num="192" type="stmt" count="1"/>
        <line num="193" type="stmt" count="1"/>
        <line num="194" type="stmt" count="0"/>
        <line num="197" type="stmt" count="1"/>
        <line num="200" type="method" name="lastModified" visibility="public" complexity="2" crap="2.06" count="1"/>
        <line num="202" type="stmt" count="1"/>
        <line num="203" type="stmt" count="1"/>
        <line num="204" type="stmt" count="0"/>
        <line num="207" type="stmt" count="1"/>
        <line num="210" type="method" name="permissions" visibility="public" complexity="2" crap="2.06" count="1"/>
        <line num="212" type="stmt" count="1"/>
        <line num="213" type="stmt" count="1"/>
        <line num="214" type="stmt" count="0"/>
        <line num="217" type="stmt" count="1"/>
        <line num="220" type="method" name="changePermissions" visibility="public" complexity="1" crap="1" count="2"/>
        <line num="222" type="stmt" count="2"/>
        <line num="223" type="stmt" count="2"/>
        <line num="226" type="method" name="stream" visibility="public" complexity="6" crap="6.07" count="1"/>
        <line num="228" type="stmt" count="1"/>
        <line num="229" type="stmt" count="1"/>
        <line num="230" type="stmt" count="1"/>
        <line num="231" type="stmt" count="1"/>
        <line num="232" type="stmt" count="1"/>
        <line num="233" type="stmt" count="1"/>
        <line num="234" type="stmt" count="0"/>
        <line num="236" type="stmt" count="1"/>
        <line num="239" type="method" name="path" visibility="private" complexity="10" crap="10" count="10"/>
        <line num="241" type="stmt" count="10"/>
        <line num="242" type="stmt" count="1"/>
        <line num="245" type="stmt" count="10"/>
        <line num="246" type="stmt" count="10"/>
        <line num="247" type="stmt" count="1"/>
        <line num="250" type="stmt" count="10"/>
        <line num="251" type="stmt" count="10"/>
        <line num="252" type="stmt" count="10"/>
        <line num="253" type="stmt" count="5"/>
        <line num="255" type="stmt" count="10"/>
        <line num="256" type="stmt" count="1"/>
        <line num="258" type="stmt" count="9"/>
        <line num="261" type="stmt" count="9"/>
        <line num="262" type="stmt" count="5"/>
        <line num="263" type="stmt" count="9"/>
        <line num="266" type="method" name="existingPath" visibility="private" complexity="3" crap="3" count="8"/>
        <line num="268" type="stmt" count="8"/>
        <line num="269" type="stmt" count="7"/>
        <line num="271" type="stmt" count="7"/>
        <line num="272" type="stmt" count="1"/>
        <line num="275" type="stmt" count="6"/>
        <line num="278" type="method" name="destinationPath" visibility="private" complexity="4" crap="4.03" count="7"/>
        <line num="280" type="stmt" count="7"/>
        <line num="281" type="stmt" count="7"/>
        <line num="282" type="stmt" count="7"/>
        <line num="283" type="stmt" count="7"/>
        <line num="285" type="stmt" count="7"/>
        <line num="286" type="stmt" count="7"/>
        <line num="287" type="stmt" count="0"/>
        <line num="290" type="stmt" count="7"/>
        <line num="293" type="method" name="isWithinRoot" visibility="private" complexity="2" crap="2" count="8"/>
        <line num="295" type="stmt" count="8"/>
        <line num="296" type="stmt" count="8"/>
        <line num="299" type="method" name="applyPermissions" visibility="private" complexity="4" crap="4.25" count="6"/>
        <line num="301" type="stmt" count="6"/>
        <line num="302" type="stmt" count="1"/>
        <line num="304" type="stmt" count="6"/>
        <line num="305" type="stmt" count="0"/>
        <metrics loc="309" ncloc="308" classes="1" methods="20" coveredmethods="7" conditionals="0" coveredconditionals="0" statements="133" coveredstatements="113" elements="153" coveredelements="120"/>
      </file>
    </package>
    <package name="Omegaalfa\Utils\Helpers">
      <file name="/home/omgaalfa/php-projetos/applications/Utils/src/Helpers/LatinText.php">
        <class name="Omegaalfa\Utils\Helpers\LatinText" namespace="Omegaalfa\Utils\Helpers">
          <metrics complexity="2" methods="2" coveredmethods="1" conditionals="0" coveredconditionals="0" statements="2" coveredstatements="1" elements="4" coveredelements="2"/>
        </class>
        <line num="24" type="method" name="__construct" visibility="private" complexity="1" crap="2" count="0"/>
        <line num="26" type="stmt" count="0"/>
        <line num="28" type="method" name="transliterate" visibility="public" complexity="1" crap="1" count="6"/>
        <line num="30" type="stmt" count="6"/>
        <metrics loc="33" ncloc="32" classes="1" methods="2" coveredmethods="1" conditionals="0" coveredconditionals="0" statements="2" coveredstatements="1" elements="4" coveredelements="2"/>
      </file>
    </package>
    <package name="Omegaalfa\Utils\Identifier">
      <file name="/home/omgaalfa/php-projetos/applications/Utils/src/Identifier/Ulid.php">
        <class name="Omegaalfa\Utils\Identifier\Ulid" namespace="Omegaalfa\Utils\Identifier">
          <metrics complexity="14" methods="6" coveredmethods="6" conditionals="0" coveredconditionals="0" statements="30" coveredstatements="30" elements="36" coveredelements="36"/>
        </class>
        <line num="15" type="method" name="generate" visibility="public" complexity="1" crap="1" count="4"/>
        <line num="17" type="stmt" count="4"/>
        <line num="18" type="stmt" count="4"/>
        <line num="20" type="stmt" count="4"/>
        <line num="21" type="stmt" count="4"/>
        <line num="24" type="method" name="isValid" visibility="public" complexity="1" crap="1" count="3"/>
        <line num="26" type="stmt" count="3"/>
        <line num="29" type="method" name="timestamp" visibility="public" complexity="3" crap="3" count="2"/>
        <line num="31" type="stmt" count="2"/>
        <line num="32" type="stmt" count="1"/>
        <line num="35" type="stmt" count="1"/>
        <line num="36" type="stmt" count="1"/>
        <line num="37" type="stmt" count="1"/>
        <line num="39" type="stmt" count="1"/>
        <line num="42" type="stmt" count="1"/>
        <line num="45" type="method" name="encodeTimestamp" visibility="private" complexity="2" crap="2" count="4"/>
        <line num="47" type="stmt" count="4"/>
        <line num="49" type="stmt" count="4"/>
        <line num="50" type="stmt" count="4"/>
        <line num="51" type="stmt" count="4"/>
        <line num="54" type="stmt" count="4"/>
        <line num="57" type="method" name="encodeRandomness" visibility="private" complexity="4" crap="4" count="4"/>
        <line num="59" type="stmt" count="4"/>
        <line num="60" type="stmt" count="4"/>
        <line num="61" type="stmt" count="4"/>
        <line num="63" type="stmt" count="4"/>
        <line num="64" type="stmt" count="4"/>
        <line num="65" type="stmt" count="4"/>
        <line num="67" type="stmt" count="4"/>
        <line num="68" type="stmt" count="4"/>
        <line num="69" type="stmt" count="4"/>
        <line num="72" type="stmt" count="4"/>
        <line num="75" type="stmt" count="4"/>
        <line num="78" type="method" name="assertTimestamp" visibility="private" complexity="3" crap="3" count="4"/>
        <line num="80" type="stmt" count="4"/>
        <line num="81" type="stmt" count="1"/>
        <metrics loc="85" ncloc="85" classes="1" methods="6" coveredmethods="6" conditionals="0" coveredconditionals="0" statements="30" coveredstatements="30" elements="36" coveredelements="36"/>
      </file>
      <file name="/home/omgaalfa/php-projetos/applications/Utils/src/Identifier/Uuid.php">
        <class name="Omegaalfa\Utils\Identifier\Uuid" namespace="Omegaalfa\Utils\Identifier">
          <metrics complexity="8" methods="4" coveredmethods="4" conditionals="0" coveredconditionals="0" statements="22" coveredstatements="22" elements="26" coveredelements="26"/>
        </class>
        <line num="13" type="method" name="v7" visibility="public" complexity="1" crap="1" count="4"/>
        <line num="15" type="stmt" count="4"/>
        <line num="16" type="stmt" count="4"/>
        <line num="18" type="stmt" count="3"/>
        <line num="19" type="stmt" count="3"/>
        <line num="20" type="stmt" count="3"/>
        <line num="22" type="stmt" count="3"/>
        <line num="23" type="stmt" count="3"/>
        <line num="25" type="stmt" count="3"/>
        <line num="27" type="stmt" count="3"/>
        <line num="28" type="stmt" count="3"/>
        <line num="29" type="stmt" count="3"/>
        <line num="30" type="stmt" count="3"/>
        <line num="31" type="stmt" count="3"/>
        <line num="34" type="method" name="isValid" visibility="public" complexity="1" crap="1" count="3"/>
        <line num="36" type="stmt" count="3"/>
        <line num="37" type="stmt" count="3"/>
        <line num="38" type="stmt" count="3"/>
        <line num="39" type="stmt" count="3"/>
        <line num="42" type="method" name="timestamp" visibility="public" complexity="3" crap="3" count="2"/>
        <line num="44" type="stmt" count="2"/>
        <line num="45" type="stmt" count="1"/>
        <line num="48" type="stmt" count="1"/>
        <line num="51" type="method" name="assertTimestamp" visibility="private" complexity="3" crap="3" count="4"/>
        <line num="53" type="stmt" count="4"/>
        <line num="54" type="stmt" count="1"/>
        <metrics loc="58" ncloc="58" classes="1" methods="4" coveredmethods="4" conditionals="0" coveredconditionals="0" statements="22" coveredstatements="22" elements="26" coveredelements="26"/>
      </file>
    </package>
    <package name="Omegaalfa\Utils\Lock">
      <file name="/home/omgaalfa/php-projetos/applications/Utils/src/Lock/FileLock.php">
        <class name="Omegaalfa\Utils\Lock\FileLock" namespace="Omegaalfa\Utils\Lock">
          <metrics complexity="16" methods="6" coveredmethods="2" conditionals="0" coveredconditionals="0" statements="29" coveredstatements="23" elements="35" coveredelements="25"/>
        </class>
        <line num="19" type="method" name="__construct" visibility="public" complexity="1" crap="1" count="6"/>
        <line num="24" type="stmt" count="6"/>
        <line num="29" type="method" name="__destruct" visibility="public" complexity="2" crap="2.50" count="6"/>
        <line num="32" type="stmt" count="6"/>
        <line num="33" type="stmt" count="0"/>
        <line num="41" type="method" name="__clone" visibility="private" complexity="1" crap="2" count="0"/>
        <line num="43" type="stmt" count="0"/>
        <line num="49" type="method" name="acquire" visibility="public" complexity="7" crap="7.14" count="5"/>
        <line num="51" type="stmt" count="5"/>
        <line num="52" type="stmt" count="1"/>
        <line num="55" type="stmt" count="5"/>
        <line num="56" type="stmt" count="5"/>
        <line num="57" type="stmt" count="0"/>
        <line num="60" type="stmt" count="5"/>
        <line num="61" type="stmt" count="5"/>
        <line num="62" type="stmt" count="5"/>
        <line num="63" type="stmt" count="1"/>
        <line num="65" type="stmt" count="1"/>
        <line num="66" type="stmt" count="1"/>
        <line num="69" type="stmt" count="0"/>
        <line num="72" type="stmt" count="5"/>
        <line num="73" type="stmt" count="5"/>
        <line num="79" type="method" name="release" visibility="public" complexity="4" crap="4.13" count="6"/>
        <line num="81" type="stmt" count="6"/>
        <line num="82" type="stmt" count="6"/>
        <line num="85" type="stmt" count="5"/>
        <line num="86" type="stmt" count="5"/>
        <line num="87" type="stmt" count="5"/>
        <line num="88" type="stmt" count="0"/>
        <line num="91" type="stmt" count="5"/>
        <line num="92" type="stmt" count="5"/>
        <line num="94" type="stmt" count="5"/>
        <line num="95" type="stmt" count="0"/>
        <line num="102" type="method" name="isAcquired" visibility="public" complexity="1" crap="1" count="6"/>
        <line num="104" type="stmt" count="6"/>
        <metrics loc="107" ncloc="85" classes="1" methods="6" coveredmethods="2" conditionals="0" coveredconditionals="0" statements="29" coveredstatements="23" elements="35" coveredelements="25"/>
      </file>
      <file name="/home/omgaalfa/php-projetos/applications/Utils/src/Lock/LockFactory.php">
        <class name="Omegaalfa\Utils\Lock\LockFactory" namespace="Omegaalfa\Utils\Lock">
          <metrics complexity="12" methods="3" coveredmethods="2" conditionals="0" coveredconditionals="0" statements="20" coveredstatements="18" elements="23" coveredelements="20"/>
        </class>
        <line num="20" type="method" name="__construct" visibility="public" complexity="9" crap="9.37" count="8"/>
        <line num="22" type="stmt" count="8"/>
        <line num="23" type="stmt" count="8"/>
        <line num="25" type="stmt" count="8"/>
        <line num="26" type="stmt" count="1"/>
        <line num="28" type="stmt" count="8"/>
        <line num="29" type="stmt" count="1"/>
        <line num="31" type="stmt" count="7"/>
        <line num="32" type="stmt" count="0"/>
        <line num="35" type="stmt" count="7"/>
        <line num="36" type="stmt" count="7"/>
        <line num="37" type="stmt" count="0"/>
        <line num="40" type="stmt" count="7"/>
        <line num="47" type="method" name="create" visibility="public" complexity="2" crap="2" count="7"/>
        <line num="49" type="stmt" count="7"/>
        <line num="50" type="stmt" count="1"/>
        <line num="53" type="stmt" count="6"/>
        <line num="55" type="stmt" count="6"/>
        <line num="56" type="stmt" count="6"/>
        <line num="57" type="stmt" count="6"/>
        <line num="58" type="stmt" count="6"/>
        <line num="64" type="method" name="getDirectory" visibility="public" complexity="1" crap="1" count="1"/>
        <line num="66" type="stmt" count="1"/>
        <metrics loc="69" ncloc="56" classes="1" methods="3" coveredmethods="2" conditionals="0" coveredconditionals="0" statements="20" coveredstatements="18" elements="23" coveredelements="20"/>
      </file>
    </package>
    <file name="/home/omgaalfa/php-projetos/applications/Utils/src/Lock/LockInterface.php">
      <metrics loc="15" ncloc="15" classes="0" methods="0" coveredmethods="0" conditionals="0" coveredconditionals="0" statements="0" coveredstatements="0" elements="0" coveredelements="0"/>
    </file>
    <package name="Omegaalfa\Utils\Profiler">
      <file name="/home/omgaalfa/php-projetos/applications/Utils/src/Profiler/Measurement.php">
        <class name="Omegaalfa\Utils\Profiler\Measurement" namespace="Omegaalfa\Utils\Profiler">
          <metrics complexity="2" methods="2" coveredmethods="2" conditionals="0" coveredconditionals="0" statements="2" coveredstatements="2" elements="4" coveredelements="4"/>
        </class>
        <line num="9" type="method" name="__construct" visibility="public" complexity="1" crap="1" count="8"/>
        <line num="14" type="stmt" count="8"/>
        <line num="16" type="method" name="durationMilliseconds" visibility="public" complexity="1" crap="1" count="1"/>
        <line num="18" type="stmt" count="1"/>
        <metrics loc="21" ncloc="21" classes="1" methods="2" coveredmethods="2" conditionals="0" coveredconditionals="0" statements="2" coveredstatements="2" elements="4" coveredelements="4"/>
      </file>
      <file name="/home/omgaalfa/php-projetos/applications/Utils/src/Profiler/ProfileEntry.php">
        <class name="Omegaalfa\Utils\Profiler\ProfileEntry" namespace="Omegaalfa\Utils\Profiler">
          <metrics complexity="4" methods="4" coveredmethods="4" conditionals="0" coveredconditionals="0" statements="4" coveredstatements="4" elements="8" coveredelements="8"/>
        </class>
        <line num="9" type="method" name="__construct" visibility="public" complexity="1" crap="1" count="5"/>
        <line num="17" type="stmt" count="5"/>
        <line num="19" type="method" name="totalDurationMilliseconds" visibility="public" complexity="1" crap="1" count="1"/>
        <line num="21" type="stmt" count="1"/>
        <line num="24" type="method" name="averageDurationNanoseconds" visibility="public" complexity="1" crap="1" count="1"/>
        <line num="26" type="stmt" count="1"/>
        <line num="29" type="method" name="averageDurationMilliseconds" visibility="public" complexity="1" crap="1" count="1"/>
        <line num="31" type="stmt" count="1"/>
        <metrics loc="34" ncloc="34" classes="1" methods="4" coveredmethods="4" conditionals="0" coveredconditionals="0" statements="4" coveredstatements="4" elements="8" coveredelements="8"/>
      </file>
      <file name="/home/omgaalfa/php-projetos/applications/Utils/src/Profiler/Profiler.php">
        <class name="Omegaalfa\Utils\Profiler\Profiler" namespace="Omegaalfa\Utils\Profiler">
          <metrics complexity="19" methods="11" coveredmethods="11" conditionals="0" coveredconditionals="0" statements="71" coveredstatements="71" elements="82" coveredelements="82"/>
        </class>
        <line num="27" type="method" name="start" visibility="public" complexity="2" crap="2" count="10"/>
        <line num="29" type="stmt" count="10"/>
        <line num="31" type="stmt" count="9"/>
        <line num="32" type="stmt" count="1"/>
        <line num="35" type="stmt" count="9"/>
        <line num="36" type="stmt" count="9"/>
        <line num="37" type="stmt" count="9"/>
        <line num="38" type="stmt" count="9"/>
        <line num="39" type="stmt" count="9"/>
        <line num="42" type="method" name="stop" visibility="public" complexity="2" crap="2" count="9"/>
        <line num="44" type="stmt" count="9"/>
        <line num="46" type="stmt" count="9"/>
        <line num="47" type="stmt" count="1"/>
        <line num="50" type="stmt" count="8"/>
        <line num="51" type="stmt" count="8"/>
        <line num="52" type="stmt" count="8"/>
        <line num="53" type="stmt" count="8"/>
        <line num="55" type="stmt" count="8"/>
        <line num="56" type="stmt" count="8"/>
        <line num="58" type="stmt" count="8"/>
        <line num="60" type="stmt" count="8"/>
        <line num="69" type="method" name="measure" visibility="public" complexity="2" crap="2" count="3"/>
        <line num="71" type="stmt" count="3"/>
        <line num="74" type="stmt" count="3"/>
        <line num="76" type="stmt" count="3"/>
        <line num="77" type="stmt" count="3"/>
        <line num="82" type="method" name="isActive" visibility="public" complexity="1" crap="1" count="3"/>
        <line num="84" type="stmt" count="3"/>
        <line num="86" type="stmt" count="3"/>
        <line num="89" type="method" name="get" visibility="public" complexity="2" crap="2" count="4"/>
        <line num="91" type="stmt" count="4"/>
        <line num="92" type="stmt" count="4"/>
        <line num="94" type="stmt" count="4"/>
        <line num="95" type="stmt" count="1"/>
        <line num="96" type="stmt" count="4"/>
        <line num="100" type="method" name="all" visibility="public" complexity="2" crap="2" count="3"/>
        <line num="102" type="stmt" count="3"/>
        <line num="104" type="stmt" count="3"/>
        <line num="105" type="stmt" count="2"/>
        <line num="108" type="stmt" count="3"/>
        <line num="116" type="method" name="slowest" visibility="public" complexity="2" crap="2" count="2"/>
        <line num="118" type="stmt" count="2"/>
        <line num="119" type="stmt" count="1"/>
        <line num="122" type="stmt" count="1"/>
        <line num="123" type="stmt" count="1"/>
        <line num="124" type="stmt" count="1"/>
        <line num="125" type="stmt" count="1"/>
        <line num="126" type="stmt" count="1"/>
        <line num="127" type="stmt" count="1"/>
        <line num="129" type="stmt" count="1"/>
        <line num="132" type="method" name="reset" visibility="public" complexity="1" crap="1" count="1"/>
        <line num="134" type="stmt" count="1"/>
        <line num="135" type="stmt" count="1"/>
        <line num="138" type="method" name="record" visibility="private" complexity="2" crap="2" count="8"/>
        <line num="140" type="stmt" count="8"/>
        <line num="141" type="stmt" count="8"/>
        <line num="142" type="stmt" count="8"/>
        <line num="143" type="stmt" count="8"/>
        <line num="144" type="stmt" count="8"/>
        <line num="145" type="stmt" count="8"/>
        <line num="146" type="stmt" count="8"/>
        <line num="147" type="stmt" count="8"/>
        <line num="148" type="stmt" count="8"/>
        <line num="151" type="stmt" count="1"/>
        <line num="152" type="stmt" count="1"/>
        <line num="153" type="stmt" count="1"/>
        <line num="154" type="stmt" count="1"/>
        <line num="155" type="stmt" count="1"/>
        <line num="156" type="stmt" count="1"/>
        <line num="157" type="stmt" count="1"/>
        <line num="169" type="method" name="entry" visibility="private" complexity="1" crap="1" count="5"/>
        <line num="171" type="stmt" count="5"/>
        <line num="172" type="stmt" count="5"/>
        <line num="173" type="stmt" count="5"/>
        <line num="174" type="stmt" count="5"/>
        <line num="175" type="stmt" count="5"/>
        <line num="176" type="stmt" count="5"/>
        <line num="177" type="stmt" count="5"/>
        <line num="178" type="stmt" count="5"/>
        <line num="181" type="method" name="assertName" visibility="private" complexity="2" crap="2" count="11"/>
        <line num="183" type="stmt" count="11"/>
        <line num="184" type="stmt" count="1"/>
        <metrics loc="188" ncloc="157" classes="1" methods="11" coveredmethods="11" conditionals="0" coveredconditionals="0" statements="71" coveredstatements="71" elements="82" coveredelements="82"/>
      </file>
    </package>
    <package name="Omegaalfa\Utils\Retry">
      <file name="/home/omgaalfa/php-projetos/applications/Utils/src/Retry/Retry.php">
        <class name="Omegaalfa\Utils\Retry\Retry" namespace="Omegaalfa\Utils\Retry">
          <metrics complexity="23" methods="3" coveredmethods="2" conditionals="0" coveredconditionals="0" statements="44" coveredstatements="43" elements="47" coveredelements="45"/>
        </class>
        <line num="21" type="method" name="attempt" visibility="public" complexity="11" crap="11" count="9"/>
        <line num="32" type="stmt" count="9"/>
        <line num="33" type="stmt" count="9"/>
        <line num="34" type="stmt" count="9"/>
        <line num="35" type="stmt" count="9"/>
        <line num="36" type="stmt" count="9"/>
        <line num="37" type="stmt" count="9"/>
        <line num="38" type="stmt" count="9"/>
        <line num="40" type="stmt" count="8"/>
        <line num="42" type="stmt" count="8"/>
        <line num="44" type="stmt" count="8"/>
        <line num="45" type="stmt" count="7"/>
        <line num="46" type="stmt" count="7"/>
        <line num="47" type="stmt" count="7"/>
        <line num="48" type="stmt" count="7"/>
        <line num="49" type="stmt" count="7"/>
        <line num="51" type="stmt" count="7"/>
        <line num="52" type="stmt" count="1"/>
        <line num="55" type="stmt" count="7"/>
        <line num="56" type="stmt" count="3"/>
        <line num="59" type="stmt" count="6"/>
        <line num="60" type="stmt" count="1"/>
        <line num="61" type="stmt" count="5"/>
        <line num="63" type="stmt" count="6"/>
        <line num="64" type="stmt" count="1"/>
        <line num="67" type="stmt" count="6"/>
        <line num="68" type="stmt" count="6"/>
        <line num="69" type="stmt" count="6"/>
        <line num="70" type="stmt" count="6"/>
        <line num="74" type="stmt" count="0"/>
        <line num="80" type="method" name="validate" visibility="private" complexity="9" crap="9" count="9"/>
        <line num="87" type="stmt" count="9"/>
        <line num="88" type="stmt" count="1"/>
        <line num="90" type="stmt" count="9"/>
        <line num="91" type="stmt" count="1"/>
        <line num="93" type="stmt" count="9"/>
        <line num="94" type="stmt" count="1"/>
        <line num="96" type="stmt" count="9"/>
        <line num="97" type="stmt" count="1"/>
        <line num="100" type="stmt" count="9"/>
        <line num="101" type="stmt" count="9"/>
        <line num="102" type="stmt" count="1"/>
        <line num="108" type="method" name="matches" visibility="private" complexity="3" crap="3" count="7"/>
        <line num="110" type="stmt" count="7"/>
        <line num="111" type="stmt" count="7"/>
        <line num="112" type="stmt" count="6"/>
        <line num="116" type="stmt" count="1"/>
        <metrics loc="119" ncloc="106" classes="1" methods="3" coveredmethods="2" conditionals="0" coveredconditionals="0" statements="44" coveredstatements="43" elements="47" coveredelements="45"/>
      </file>
    </package>
    <package name="Omegaalfa\Utils\Session">
      <file name="/home/omgaalfa/php-projetos/applications/Utils/src/Session/Session.php">
        <class name="Omegaalfa\Utils\Session\Session" namespace="Omegaalfa\Utils\Session">
          <metrics complexity="39" methods="16" coveredmethods="11" conditionals="0" coveredconditionals="0" statements="67" coveredstatements="55" elements="83" coveredelements="66"/>
        </class>
        <line num="18" type="method" name="__construct" visibility="public" complexity="2" crap="2" count="8"/>
        <line num="20" type="stmt" count="8"/>
        <line num="21" type="stmt" count="2"/>
        <line num="28" type="method" name="instance" visibility="public" complexity="1" crap="2" count="0"/>
        <line num="30" type="stmt" count="0"/>
        <line num="34" type="method" name="start" visibility="public" complexity="5" crap="7.19" count="2"/>
        <line num="36" type="stmt" count="2"/>
        <line num="37" type="stmt" count="0"/>
        <line num="39" type="stmt" count="2"/>
        <line num="40" type="stmt" count="0"/>
        <line num="42" type="stmt" count="2"/>
        <line num="43" type="stmt" count="0"/>
        <line num="45" type="stmt" count="2"/>
        <line num="46" type="stmt" count="1"/>
        <line num="47" type="stmt" count="0"/>
        <line num="55" type="method" name="regenerate" visibility="public" complexity="2" crap="2.15" count="2"/>
        <line num="57" type="stmt" count="2"/>
        <line num="58" type="stmt" count="1"/>
        <line num="59" type="stmt" count="0"/>
        <line num="68" type="method" name="set" visibility="public" complexity="1" crap="1" count="5"/>
        <line num="70" type="stmt" count="5"/>
        <line num="71" type="stmt" count="4"/>
        <line num="79" type="method" name="get" visibility="public" complexity="2" crap="2" count="3"/>
        <line num="81" type="stmt" count="3"/>
        <line num="82" type="stmt" count="3"/>
        <line num="89" type="method" name="has" visibility="public" complexity="1" crap="1" count="3"/>
        <line num="91" type="stmt" count="3"/>
        <line num="92" type="stmt" count="3"/>
        <line num="99" type="method" name="delete" visibility="public" complexity="1" crap="1" count="1"/>
        <line num="101" type="stmt" count="1"/>
        <line num="102" type="stmt" count="1"/>
        <line num="110" type="method" name="pull" visibility="public" complexity="1" crap="1" count="1"/>
        <line num="112" type="stmt" count="1"/>
        <line num="113" type="stmt" count="1"/>
        <line num="114" type="stmt" count="1"/>
        <line num="120" type="method" name="clear" visibility="public" complexity="1" crap="1" count="3"/>
        <line num="122" type="stmt" count="3"/>
        <line num="126" type="method" name="getAll" visibility="public" complexity="1" crap="1" count="3"/>
        <line num="128" type="stmt" count="3"/>
        <line num="132" type="method" name="all" visibility="public" complexity="1" crap="1" count="3"/>
        <line num="134" type="stmt" count="3"/>
        <line num="140" type="method" name="destroy" visibility="public" complexity="3" crap="3.04" count="2"/>
        <line num="142" type="stmt" count="2"/>
        <line num="143" type="stmt" count="1"/>
        <line num="144" type="stmt" count="1"/>
        <line num="146" type="stmt" count="1"/>
        <line num="147" type="stmt" count="1"/>
        <line num="148" type="stmt" count="0"/>
        <line num="157" type="method" name="cookieOptions" visibility="private" complexity="13" crap="13.96" count="2"/>
        <line num="159" type="stmt" count="2"/>
        <line num="160" type="stmt" count="2"/>
        <line num="161" type="stmt" count="2"/>
        <line num="162" type="stmt" count="2"/>
        <line num="163" type="stmt" count="2"/>
        <line num="164" type="stmt" count="2"/>
        <line num="166" type="stmt" count="2"/>
        <line num="167" type="stmt" count="2"/>
        <line num="168" type="stmt" count="0"/>
        <line num="170" type="stmt" count="2"/>
        <line num="171" type="stmt" count="2"/>
        <line num="172" type="stmt" count="0"/>
        <line num="174" type="stmt" count="2"/>
        <line num="175" type="stmt" count="1"/>
        <line num="177" type="stmt" count="1"/>
        <line num="178" type="stmt" count="1"/>
        <line num="179" type="stmt" count="0"/>
        <line num="181" type="stmt" count="1"/>
        <line num="182" type="stmt" count="1"/>
        <line num="183" type="stmt" count="1"/>
        <line num="184" type="stmt" count="0"/>
        <line num="186" type="stmt" count="1"/>
        <line num="187" type="stmt" count="1"/>
        <line num="188" type="stmt" count="0"/>
        <line num="191" type="stmt" count="1"/>
        <line num="192" type="stmt" count="1"/>
        <line num="193" type="stmt" count="1"/>
        <line num="194" type="stmt" count="1"/>
        <line num="200" type="method" name="requireActive" visibility="private" complexity="2" crap="2" count="2"/>
        <line num="202" type="stmt" count="2"/>
        <line num="203" type="stmt" count="1"/>
        <line num="211" type="method" name="assertKey" visibility="private" complexity="2" crap="2" count="5"/>
        <line num="213" type="stmt" count="5"/>
        <line num="214" type="stmt" count="1"/>
        <metrics loc="218" ncloc="163" classes="1" methods="16" coveredmethods="11" conditionals="0" coveredconditionals="0" statements="67" coveredstatements="55" elements="83" coveredelements="66"/>
      </file>
    </package>
    <package name="Omegaalfa\Utils\Str">
      <file name="/home/omgaalfa/php-projetos/applications/Utils/src/Str/Str.php">
        <class name="Omegaalfa\Utils\Str\Str" namespace="Omegaalfa\Utils\Str">
          <metrics complexity="21" methods="7" coveredmethods="6" conditionals="0" coveredconditionals="0" statements="48" coveredstatements="46" elements="55" coveredelements="52"/>
        </class>
        <line num="17" type="method" name="contains" visibility="public" complexity="1" crap="1" count="1"/>
        <line num="19" type="stmt" count="1"/>
        <line num="27" type="method" name="startsWith" visibility="public" complexity="1" crap="1" count="1"/>
        <line num="29" type="stmt" count="1"/>
        <line num="37" type="method" name="endsWith" visibility="public" complexity="1" crap="1" count="1"/>
        <line num="39" type="stmt" count="1"/>
        <line num="47" type="method" name="slugify" visibility="public" complexity="5" crap="5.07" count="8"/>
        <line num="49" type="stmt" count="8"/>
        <line num="50" type="stmt" count="2"/>
        <line num="52" type="stmt" count="6"/>
        <line num="53" type="stmt" count="2"/>
        <line num="56" type="stmt" count="4"/>
        <line num="57" type="stmt" count="4"/>
        <line num="58" type="stmt" count="4"/>
        <line num="59" type="stmt" count="4"/>
        <line num="60" type="stmt" count="4"/>
        <line num="61" type="stmt" count="0"/>
        <line num="64" type="stmt" count="4"/>
        <line num="65" type="stmt" count="4"/>
        <line num="66" type="stmt" count="0"/>
        <line num="69" type="stmt" count="4"/>
        <line num="78" type="method" name="truncate" visibility="public" complexity="3" crap="3" count="2"/>
        <line num="84" type="stmt" count="2"/>
        <line num="85" type="stmt" count="1"/>
        <line num="87" type="stmt" count="1"/>
        <line num="88" type="stmt" count="1"/>
        <line num="91" type="stmt" count="1"/>
        <line num="99" type="method" name="random" visibility="public" complexity="3" crap="3" count="6"/>
        <line num="101" type="stmt" count="6"/>
        <line num="102" type="stmt" count="1"/>
        <line num="104" type="stmt" count="5"/>
        <line num="105" type="stmt" count="1"/>
        <line num="109" type="stmt" count="4"/>
        <line num="111" type="stmt" count="4"/>
        <line num="121" type="method" name="mask" visibility="public" complexity="7" crap="7" count="8"/>
        <line num="128" type="stmt" count="8"/>
        <line num="129" type="stmt" count="1"/>
        <line num="131" type="stmt" count="7"/>
        <line num="132" type="stmt" count="1"/>
        <line num="135" type="stmt" count="6"/>
        <line num="136" type="stmt" count="6"/>
        <line num="137" type="stmt" count="5"/>
        <line num="138" type="stmt" count="1"/>
        <line num="139" type="stmt" count="6"/>
        <line num="140" type="stmt" count="6"/>
        <line num="141" type="stmt" count="2"/>
        <line num="142" type="stmt" count="4"/>
        <line num="144" type="stmt" count="6"/>
        <line num="145" type="stmt" count="2"/>
        <line num="148" type="stmt" count="4"/>
        <line num="149" type="stmt" count="4"/>
        <line num="150" type="stmt" count="4"/>
        <line num="151" type="stmt" count="4"/>
        <line num="152" type="stmt" count="4"/>
        <line num="153" type="stmt" count="4"/>
        <metrics loc="156" ncloc="117" classes="1" methods="7" coveredmethods="6" conditionals="0" coveredconditionals="0" statements="48" coveredstatements="46" elements="55" coveredelements="52"/>
      </file>
    </package>
    <package name="Omegaalfa\Utils\Stream">
      <file name="/home/omgaalfa/php-projetos/applications/Utils/src/Stream/Stream.php">
        <class name="Omegaalfa\Utils\Stream\Stream" namespace="Omegaalfa\Utils\Stream">
          <metrics complexity="62" methods="25" coveredmethods="17" conditionals="0" coveredconditionals="0" statements="88" coveredstatements="75" elements="113" coveredelements="92"/>
        </class>
        <line num="23" type="method" name="__construct" visibility="public" complexity="1" crap="1" count="15"/>
        <line num="25" type="stmt" count="15"/>
        <line num="31" type="method" name="__destruct" visibility="public" complexity="1" crap="1" count="13"/>
        <line num="33" type="stmt" count="13"/>
        <line num="39" type="method" name="__toString" visibility="public" complexity="4" crap="4.05" count="1"/>
        <line num="42" type="stmt" count="1"/>
        <line num="43" type="stmt" count="0"/>
        <line num="45" type="stmt" count="1"/>
        <line num="46" type="stmt" count="1"/>
        <line num="49" type="stmt" count="1"/>
        <line num="50" type="stmt" count="1"/>
        <line num="51" type="stmt" count="1"/>
        <line num="60" type="method" name="attach" visibility="public" complexity="5" crap="5" count="15"/>
        <line num="62" type="stmt" count="15"/>
        <line num="63" type="stmt" count="11"/>
        <line num="64" type="stmt" count="11"/>
        <line num="65" type="stmt" count="1"/>
        <line num="67" type="stmt" count="10"/>
        <line num="70" type="stmt" count="14"/>
        <line num="71" type="stmt" count="1"/>
        <line num="74" type="stmt" count="13"/>
        <line num="75" type="stmt" count="13"/>
        <line num="79" type="method" name="getResource" visibility="public" complexity="1" crap="1" count="3"/>
        <line num="81" type="stmt" count="3"/>
        <line num="85" type="method" name="detach" visibility="public" complexity="2" crap="2" count="13"/>
        <line num="87" type="stmt" count="13"/>
        <line num="88" type="stmt" count="13"/>
        <line num="90" type="stmt" count="13"/>
        <line num="96" type="method" name="close" visibility="public" complexity="2" crap="2" count="13"/>
        <line num="98" type="stmt" count="13"/>
        <line num="99" type="stmt" count="13"/>
        <line num="100" type="stmt" count="12"/>
        <line num="107" type="method" name="getSize" visibility="public" complexity="2" crap="2" count="1"/>
        <line num="109" type="stmt" count="1"/>
        <line num="111" type="stmt" count="1"/>
        <line num="117" type="method" name="tell" visibility="public" complexity="2" crap="3.69" count="1"/>
        <line num="119" type="stmt" count="1"/>
        <line num="120" type="stmt" count="0"/>
        <line num="121" type="stmt" count="0"/>
        <line num="124" type="stmt" count="0"/>
        <line num="130" type="method" name="eof" visibility="public" complexity="1" crap="1" count="1"/>
        <line num="132" type="stmt" count="1"/>
        <line num="138" type="method" name="isSeekable" visibility="public" complexity="1" crap="1" count="7"/>
        <line num="140" type="stmt" count="7"/>
        <line num="148" type="method" name="seek" visibility="public" complexity="3" crap="3" count="7"/>
        <line num="150" type="stmt" count="7"/>
        <line num="151" type="stmt" count="1"/>
        <line num="158" type="method" name="rewind" visibility="public" complexity="1" crap="1" count="7"/>
        <line num="160" type="stmt" count="7"/>
        <line num="166" type="method" name="isWritable" visibility="public" complexity="2" crap="2" count="7"/>
        <line num="168" type="stmt" count="7"/>
        <line num="169" type="stmt" count="7"/>
        <line num="176" type="method" name="write" visibility="public" complexity="3" crap="3.04" count="7"/>
        <line num="178" type="stmt" count="7"/>
        <line num="179" type="stmt" count="1"/>
        <line num="182" type="stmt" count="6"/>
        <line num="183" type="stmt" count="6"/>
        <line num="184" type="stmt" count="0"/>
        <line num="187" type="stmt" count="6"/>
        <line num="193" type="method" name="isReadable" visibility="public" complexity="2" crap="2" count="6"/>
        <line num="195" type="stmt" count="6"/>
        <line num="196" type="stmt" count="6"/>
        <line num="203" type="method" name="read" visibility="public" complexity="5" crap="5.20" count="3"/>
        <line num="205" type="stmt" count="3"/>
        <line num="206" type="stmt" count="1"/>
        <line num="208" type="stmt" count="3"/>
        <line num="209" type="stmt" count="1"/>
        <line num="211" type="stmt" count="2"/>
        <line num="212" type="stmt" count="0"/>
        <line num="215" type="stmt" count="2"/>
        <line num="216" type="stmt" count="2"/>
        <line num="217" type="stmt" count="0"/>
        <line num="220" type="stmt" count="2"/>
        <line num="226" type="method" name="getContents" visibility="public" complexity="3" crap="3.33" count="4"/>
        <line num="228" type="stmt" count="4"/>
        <line num="229" type="stmt" count="0"/>
        <line num="232" type="stmt" count="4"/>
        <line num="233" type="stmt" count="4"/>
        <line num="234" type="stmt" count="0"/>
        <line num="237" type="stmt" count="4"/>
        <line num="241" type="method" name="getMetadata" visibility="public" complexity="2" crap="6" count="0"/>
        <line num="243" type="stmt" count="0"/>
        <line num="245" type="stmt" count="0"/>
        <line num="249" type="method" name="lines" visibility="public" complexity="4" crap="4.07" count="1"/>
        <line num="251" type="stmt" count="1"/>
        <line num="252" type="stmt" count="0"/>
        <line num="254" type="stmt" count="1"/>
        <line num="255" type="stmt" count="1"/>
        <line num="258" type="stmt" count="1"/>
        <line num="259" type="stmt" count="1"/>
        <line num="264" type="method" name="csvRows" visibility="public" complexity="7" crap="7.10" count="2"/>
        <line num="271" type="stmt" count="2"/>
        <line num="272" type="stmt" count="1"/>
        <line num="274" type="stmt" count="1"/>
        <line num="275" type="stmt" count="0"/>
        <line num="277" type="stmt" count="1"/>
        <line num="278" type="stmt" count="1"/>
        <line num="281" type="stmt" count="1"/>
        <line num="282" type="stmt" count="1"/>
        <line num="289" type="method" name="countLines" visibility="public" complexity="2" crap="2" count="1"/>
        <line num="291" type="stmt" count="1"/>
        <line num="292" type="stmt" count="1"/>
        <line num="293" type="stmt" count="1"/>
        <line num="296" type="stmt" count="1"/>
        <line num="300" type="method" name="requireResource" visibility="private" complexity="3" crap="3" count="11"/>
        <line num="302" type="stmt" count="11"/>
        <line num="303" type="stmt" count="3"/>
        <line num="306" type="stmt" count="10"/>
        <line num="310" type="method" name="metadata" visibility="private" complexity="1" crap="1" count="8"/>
        <line num="312" type="stmt" count="8"/>
        <line num="318" type="method" name="mode" visibility="private" complexity="2" crap="2" count="7"/>
        <line num="320" type="stmt" count="7"/>
        <line num="322" type="stmt" count="7"/>
        <metrics loc="325" ncloc="253" classes="1" methods="25" coveredmethods="17" conditionals="0" coveredconditionals="0" statements="88" coveredstatements="75" elements="113" coveredelements="92"/>
      </file>
    </package>
    <metrics files="21" loc="2799" ncloc="2368" classes="19" methods="158" coveredmethods="109" conditionals="0" coveredconditionals="0" statements="909" coveredstatements="817" elements="1067" coveredelements="926"/>
  </project>
</coverage>
